
==================================================
COG Conversion Log - 2026-01-05 14:58:13.979516
==================================================


==================================================
COG Conversion Log - 2026-01-05 14:58:31.041781
==================================================


==================================================
COG Conversion Log - 2026-01-05 15:25:02.157910
==================================================

SUCCESS: 2026-01-05 15:25:02.696488 - test_data/Asia-Europe_Regional_Stitch_Europe_Isostatic_Residual.tif -> ./cog_output/Asia-Europe_Regional_Stitch_Europe_Isostatic_Residual.tif
SUCCESS: 2026-01-05 15:25:02.811282 - test_data/North America_USA_99 Degree Tieline_FlightPath.tif -> ./cog_output/North America_USA_99 Degree Tieline_FlightPath.tif
SUCCESS: 2026-01-05 15:25:03.218088 - test_data/Asia-Europe_Regional_Stitch_Europe_Complete_Bouguer_Grid.tif -> ./cog_output/Asia-Europe_Regional_Stitch_Europe_Complete_Bouguer_Grid.tif
SUCCESS: 2026-01-05 15:25:12.269900 - test_data/North America_USA_Balmat Edwards Mag 110008_Flight Path.tif -> ./cog_output/North America_USA_Balmat Edwards Mag 110008_Flight Path.tif

==================================================
COG Conversion Log - 2026-01-05 15:37:30.330854
==================================================

SUCCESS: 2026-01-05 15:37:30.778461 - test_data/Asia-Europe_Regional_Stitch_Europe_Isostatic_Residual.tif -> ./cog_output/Asia-Europe_Regional_Stitch_Europe_Isostatic_Residual.tif
SUCCESS: 2026-01-05 15:37:30.897395 - test_data/North America_USA_99 Degree Tieline_FlightPath.tif -> ./cog_output/North America_USA_99 Degree Tieline_FlightPath.tif
SUCCESS: 2026-01-05 15:37:31.321266 - test_data/Asia-Europe_Regional_Stitch_Europe_Complete_Bouguer_Grid.tif -> ./cog_output/Asia-Europe_Regional_Stitch_Europe_Complete_Bouguer_Grid.tif
SUCCESS: 2026-01-05 15:37:40.174316 - test_data/North America_USA_Balmat Edwards Mag 110008_Flight Path.tif -> ./cog_output/North America_USA_Balmat Edwards Mag 110008_Flight Path.tif

==================================================
COG Conversion Log - 2026-01-05 15:39:41.535872
==================================================

SUCCESS: 2026-01-05 15:39:41.972663 - test_data/Asia-Europe_Regional_Stitch_Europe_Isostatic_Residual.tif -> ./cog_output/Asia-Europe_Regional_Stitch_Europe_Isostatic_Residual.tif
SUCCESS: 2026-01-05 15:39:42.089412 - test_data/North America_USA_99 Degree Tieline_FlightPath.tif -> ./cog_output/North America_USA_99 Degree Tieline_FlightPath.tif
SUCCESS: 2026-01-05 15:39:42.497823 - test_data/Asia-Europe_Regional_Stitch_Europe_Complete_Bouguer_Grid.tif -> ./cog_output/Asia-Europe_Regional_Stitch_Europe_Complete_Bouguer_Grid.tif
SUCCESS: 2026-01-05 15:39:51.492833 - test_data/North America_USA_Balmat Edwards Mag 110008_Flight Path.tif -> ./cog_output/North America_USA_Balmat Edwards Mag 110008_Flight Path.tif

==================================================
COG Conversion Log - 2026-01-05 15:40:23.739062
==================================================

SUCCESS: 2026-01-05 15:40:24.182690 - test_data/Asia-Europe_Regional_Stitch_Europe_Isostatic_Residual.tif -> ./cog_output/Asia-Europe_Regional_Stitch_Europe_Isostatic_Residual.tif
SUCCESS: 2026-01-05 15:40:24.296131 - test_data/North America_USA_99 Degree Tieline_FlightPath.tif -> ./cog_output/North America_USA_99 Degree Tieline_FlightPath.tif
SUCCESS: 2026-01-05 15:40:24.707201 - test_data/Asia-Europe_Regional_Stitch_Europe_Complete_Bouguer_Grid.tif -> ./cog_output/Asia-Europe_Regional_Stitch_Europe_Complete_Bouguer_Grid.tif
SUCCESS: 2026-01-05 15:40:33.527147 - test_data/North America_USA_Balmat Edwards Mag 110008_Flight Path.tif -> ./cog_output/North America_USA_Balmat Edwards Mag 110008_Flight Path.tif
